********************************************************************************
DUPLICATOR-LITE PACKAGE-LOG: 15 November 2023 22:19
NOTICE: Do NOT post to public sites or forums 
********************************************************************************
VERSION:	1.5.7
WORDPRESS:	6.4.1
PHP INFO:	7.4.12 | SAPI: apache2handler
SERVER:		Apache/2.4.46 (Unix) OpenSSL/1.0.2u PHP/7.4.12 mod_wsgi/3.5 Python/2.7.13 mod_fastcgi/mod_fastcgi-SNAP-0910052141 mod_perl/2.0.11 Perl/v5.30.1 
PHP TIME LIMIT: (0) no time limit imposed 
PHP MAX MEMORY: 4294967296 (128M default) 
MEMORY STACK: 27MB

********************************************************************************
DATABASE:
********************************************************************************
BUILD MODE:   PHP(query limit - 100)
MYSQLTIMEOUT: 5000
MYSQLDUMP:    Not Supported
TABLES: total:48 | filtered:0 | create:48
FILTERED: []
SQL CREATED: 20231115_karolinaszymkowicz_3999401ee314504d3970_20231115221650_database.sql
SQL FILE SIZE: 1.48MB (1547177)
SQL FILE TIME: 2023-11-15 22:19:18
SQL RUNTIME: 0.46 sec.

********************************************************************************
ARCHIVE (ZIP):
********************************************************************************
ARCHIVE DIR:  /Applications/MAMP/htdocs/KarolinaS
ARCHIVE FILE: 20231115_karolinaszymkowicz_3999401ee314504d3970_20231115221650_archive.zip
FILTERS: *OFF*
DIRS:
	not set
FILES:
	not set
EXTS:  not set
----------------------------------------
COMPRESSING
SIZE:	148.73MB
STATS:	Dirs 1,526 | Files 9,256
SQL ADDED: 20231115_karolinaszymkowicz_3999401ee314504d3970_20231115221650_database.sql
ZipArchive Object
(
    [status] => 0
    [statusSys] => 0
    [numFiles] => 10782
    [filename] => /Applications/MAMP/htdocs/KarolinaS/wp-content/backups-dup-lite/tmp/20231115_karolinaszymkowicz_3999401ee314504d3970_20231115221650_archive.zip
    [comment] => 
)

FILE ADDED TO ZIP: 10781
COMPRESSION RESULT: '1'
COMPRESSED SIZE: 67.85MB
ARCHIVE RUNTIME: 48.04 sec.
MEMORY STACK: 31MB
building installer
ARCHIVE CONSISTENCY TEST: PASS

********************************************************************************
INTEGRITY CHECKS:
********************************************************************************
SQL FILE: 1.48MB
INSTALLER FILE: 73.48KB
ARCHIVE FILE: 69.81MB 
EXPECTED FILE/DIRECTORY COUNT: 10,782
ACTUAL FILE/DIRECTORY COUNT: 10,781
ARCHIVE CONSISTENCY TEST: Pass

********************************************************************************
RECORD ID:[1]
TOTAL PROCESS RUNTIME: 64.28 sec.
PEAK PHP MEMORY USED: 33MB
DONE PROCESSING => 20231115_karolinaszymkowicz 15 November 2023 22:20

